#
# There is insufficient memory for the Java Runtime Environment to continue.
# Native memory allocation (malloc) failed to allocate 1207712 bytes for Chunk::new
# Possible reasons:
#   The system is out of physical RAM or swap space
#   The process is running with CompressedOops enabled, and the Java Heap may be blocking the growth of the native heap
# Possible solutions:
#   Reduce memory load on the system
#   Increase physical memory or swap space
#   Check if swap backing store is full
#   Decrease Java heap size (-Xmx/-Xms)
#   Decrease number of Java threads
#   Decrease Java thread stack sizes (-Xss)
#   Set larger code cache with -XX:ReservedCodeCacheSize=
#   JVM is running with Unscaled Compressed Oops mode in which the Java heap is
#     placed in the first 4GB address space. The Java Heap base address is the
#     maximum limit for the native heap growth. Please use -XX:HeapBaseMinAddress
#     to set the Java Heap base and to place the Java Heap above 4GB virtual address.
# This output file may be truncated or incomplete.
#
#  Out of Memory Error (allocation.cpp:389), pid=1936, tid=0x0000000000002d04
#
# JRE version: OpenJDK Runtime Environment (8.0_202-b03) (build 1.8.0_202-release-1483-b03)
# Java VM: OpenJDK 64-Bit Server VM (25.202-b03 mixed mode windows-amd64 compressed oops)
# Failed to write core dump. Minidumps are not enabled by default on client versions of Windows
#

---------------  T H R E A D  ---------------

Current thread (0x00000000186f4000):  JavaThread "C2 CompilerThread0" daemon [_thread_in_native, id=11524, stack(0x0000000019d40000,0x0000000019e40000)]

Stack: [0x0000000019d40000,0x0000000019e40000]
[error occurred during error reporting (printing stack bounds), id 0xc0000005]

Native frames: (J=compiled Java code, j=interpreted, Vv=VM code, C=native code)


Current CompileTask:
C2:3325004 15904 %     4       com.android.tools.r8.ir.regalloc.LinearScanRegisterAllocator::a @ 1334 (3743 bytes)


---------------  P R O C E S S  ---------------

Java Threads: ( => current thread )
  0x0000000027bbb800 JavaThread "WorkerExecutor Queue Thread 10" [_thread_blocked, id=18696, stack(0x0000000029aa0000,0x0000000029ba0000)]
  0x0000000027bb7800 JavaThread "ForkJoinPool.commonPool-worker-3" daemon [_thread_blocked, id=20496, stack(0x000000002c3e0000,0x000000002c4e0000)]
  0x000000001fc0a800 JavaThread "ForkJoinPool.commonPool-worker-10" daemon [_thread_blocked, id=12472, stack(0x000000002c2e0000,0x000000002c3e0000)]
  0x000000001fc08000 JavaThread "ForkJoinPool.commonPool-worker-1" daemon [_thread_blocked, id=19472, stack(0x000000002c1e0000,0x000000002c2e0000)]
  0x000000001fc06800 JavaThread "ForkJoinPool.commonPool-worker-15" daemon [_thread_blocked, id=13848, stack(0x000000002bfe0000,0x000000002c0e0000)]
  0x000000001fc06000 JavaThread "ForkJoinPool.commonPool-worker-6" daemon [_thread_blocked, id=17296, stack(0x000000002bee0000,0x000000002bfe0000)]
  0x000000001fc07800 JavaThread "ForkJoinPool.commonPool-worker-13" daemon [_thread_blocked, id=8812, stack(0x000000002bde0000,0x000000002bee0000)]
  0x000000001fc09800 JavaThread "ForkJoinPool.commonPool-worker-4" daemon [_thread_blocked, id=4976, stack(0x000000002bce0000,0x000000002bde0000)]
  0x000000001fbfe800 JavaThread "ForkJoinPool.commonPool-worker-11" daemon [_thread_blocked, id=16468, stack(0x000000002bbe0000,0x000000002bce0000)]
  0x000000001fc05000 JavaThread "ForkJoinPool.commonPool-worker-2" daemon [_thread_blocked, id=20944, stack(0x000000002bae0000,0x000000002bbe0000)]
  0x000000001fc04800 JavaThread "ForkJoinPool.commonPool-worker-9" daemon [_thread_blocked, id=20960, stack(0x000000002b9e0000,0x000000002bae0000)]
  0x000000001fc03800 JavaThread "stdout" [_thread_in_native, id=18408, stack(0x000000002b8e0000,0x000000002b9e0000)]
  0x000000001fbfc000 JavaThread "stderr" [_thread_in_native, id=3424, stack(0x000000002b7e0000,0x000000002b8e0000)]
  0x000000001fc03000 JavaThread "stdout" [_thread_in_native, id=7900, stack(0x000000002b6e0000,0x000000002b7e0000)]
  0x000000001fbfb000 JavaThread "stderr" [_thread_in_native, id=21084, stack(0x000000002b5e0000,0x000000002b6e0000)]
  0x000000001fc01800 JavaThread "stdout" [_thread_in_native, id=17652, stack(0x000000002b4e0000,0x000000002b5e0000)]
  0x000000001fbff000 JavaThread "stderr" [_thread_in_native, id=8320, stack(0x000000002b3e0000,0x000000002b4e0000)]
  0x000000001fbfc800 JavaThread "stdout" [_thread_in_native, id=16244, stack(0x000000002b2e0000,0x000000002b3e0000)]
  0x000000001fbfd800 JavaThread "stderr" [_thread_in_native, id=15244, stack(0x000000002afc0000,0x000000002b0c0000)]
  0x000000001fc00800 JavaThread "stdout" [_thread_in_native, id=20020, stack(0x000000002b1e0000,0x000000002b2e0000)]
  0x000000001fc02000 JavaThread "stderr" [_thread_in_native, id=7888, stack(0x000000002b0e0000,0x000000002b1e0000)]
  0x000000001fc00000 JavaThread "stdout" [_thread_in_native, id=19604, stack(0x000000002aec0000,0x000000002afc0000)]
  0x000000001ba27000 JavaThread "stderr" [_thread_in_native, id=17512, stack(0x000000002adc0000,0x000000002aec0000)]
  0x000000001ba25800 JavaThread "stdout" [_thread_in_native, id=17552, stack(0x000000002acc0000,0x000000002adc0000)]
  0x000000001ba2a000 JavaThread "stderr" [_thread_in_native, id=10788, stack(0x000000002abc0000,0x000000002acc0000)]
  0x000000001ba29800 JavaThread "stdout" [_thread_in_native, id=7748, stack(0x000000002aac0000,0x000000002abc0000)]
  0x000000001c82e000 JavaThread "stderr" [_thread_in_native, id=3248, stack(0x000000002a9c0000,0x000000002aac0000)]
  0x000000001c82d000 JavaThread "pool-7-thread-1" [_thread_blocked, id=9016, stack(0x000000002a8c0000,0x000000002a9c0000)]
  0x000000001c82b800 JavaThread "WorkerExecutor Queue Thread 9" [_thread_blocked, id=5356, stack(0x000000002a7c0000,0x000000002a8c0000)]
  0x000000001c82b000 JavaThread "MarlinRenderer Disposer" daemon [_thread_blocked, id=6484, stack(0x000000002a4c0000,0x000000002a5c0000)]
  0x000000001c827000 JavaThread "Java2D Disposer" daemon [_thread_blocked, id=5284, stack(0x000000002a3a0000,0x000000002a4a0000)]
  0x000000001c81f000 JavaThread "WorkerExecutor Queue Thread 8" [_thread_blocked, id=1436, stack(0x000000002a2a0000,0x000000002a3a0000)]
  0x000000001c825800 JavaThread "WorkerExecutor Queue Thread 7" [_thread_blocked, id=7328, stack(0x0000000029fa0000,0x000000002a0a0000)]
  0x000000001c81f800 JavaThread "WorkerExecutor Queue Thread 6" [_thread_blocked, id=20368, stack(0x0000000029ea0000,0x0000000029fa0000)]
  0x000000001c823800 JavaThread "WorkerExecutor Queue Thread 5" [_thread_blocked, id=3420, stack(0x0000000029da0000,0x0000000029ea0000)]
  0x000000001c824000 JavaThread "WorkerExecutor Queue Thread 4" [_thread_blocked, id=9132, stack(0x0000000029ca0000,0x0000000029da0000)]
  0x000000001c821000 JavaThread "WorkerExecutor Queue Thread 3" [_thread_blocked, id=22308, stack(0x0000000029ba0000,0x0000000029ca0000)]
  0x00000000215df800 JavaThread "WorkerExecutor Queue" [_thread_blocked, id=3124, stack(0x00000000297a0000,0x00000000298a0000)]
  0x00000000215df000 JavaThread "Cache worker for execution history cache (D:\KULIAH\KULIAH TINGKAT 2\MOBILE PROGRAMMING\MyBackgroundThread\.gradle\5.4.1\executionHistory)" [_thread_blocked, id=11064, stack(0x00000000296a0000,0x00000000297a0000)]
  0x00000000215de000 JavaThread "Execution worker for ':' Thread 11" [_thread_in_Java, id=15704, stack(0x00000000295a0000,0x00000000296a0000)]
  0x00000000215dd800 JavaThread "Execution worker for ':' Thread 10" [_thread_blocked, id=18484, stack(0x00000000292a0000,0x00000000293a0000)]
  0x00000000215e2000 JavaThread "Execution worker for ':' Thread 9" [_thread_blocked, id=8152, stack(0x00000000291a0000,0x00000000292a0000)]
  0x00000000215e2800 JavaThread "Execution worker for ':' Thread 8" [_thread_blocked, id=15268, stack(0x00000000290a0000,0x00000000291a0000)]
  0x00000000215e1000 JavaThread "Execution worker for ':' Thread 7" [_thread_blocked, id=18272, stack(0x0000000028fa0000,0x00000000290a0000)]
  0x00000000215d7800 JavaThread "Execution worker for ':' Thread 6" [_thread_blocked, id=7868, stack(0x0000000028ea0000,0x0000000028fa0000)]
  0x00000000215dc800 JavaThread "Execution worker for ':' Thread 5" [_thread_in_Java, id=3964, stack(0x0000000028da0000,0x0000000028ea0000)]
  0x00000000215d6000 JavaThread "Execution worker for ':' Thread 4" [_thread_blocked, id=20052, stack(0x0000000028a10000,0x0000000028b10000)]
  0x00000000215d5000 JavaThread "Execution worker for ':' Thread 3" [_thread_blocked, id=21640, stack(0x0000000028910000,0x0000000028a10000)]
  0x00000000215d6800 JavaThread "Execution worker for ':' Thread 2" [_thread_blocked, id=22428, stack(0x0000000028810000,0x0000000028910000)]
  0x00000000215dc000 JavaThread "Execution worker for ':'" [_thread_blocked, id=21948, stack(0x0000000028710000,0x0000000028810000)]
  0x00000000215d4800 JavaThread "Cache worker for file content cache (D:\KULIAH\KULIAH TINGKAT 2\MOBILE PROGRAMMING\MyBackgroundThread\.gradle\5.4.1\fileContent)" [_thread_blocked, id=8648, stack(0x0000000028610000,0x0000000028710000)]
  0x00000000215db000 JavaThread "Cache worker for file content cache (C:\Users\FAHRI PASYA\.gradle\caches\5.4.1\fileContent)" [_thread_blocked, id=2428, stack(0x0000000026640000,0x0000000026740000)]
  0x00000000215d8000 JavaThread "Cache worker for Build Output Cleanup Cache (D:\KULIAH\KULIAH TINGKAT 2\MOBILE PROGRAMMING\MyBackgroundThread\.gradle\buildOutputCleanup)" [_thread_blocked, id=15504, stack(0x0000000026340000,0x0000000026440000)]
  0x00000000215d9800 JavaThread "Build operations Thread 12" [_thread_blocked, id=10504, stack(0x0000000023480000,0x0000000023580000)]
  0x00000000215da800 JavaThread "Build operations Thread 11" [_thread_blocked, id=10488, stack(0x0000000023380000,0x0000000023480000)]
  0x00000000215d3800 JavaThread "Build operations Thread 10" [_thread_blocked, id=8792, stack(0x0000000023280000,0x0000000023380000)]
  0x000000001edce000 JavaThread "Build operations Thread 9" [_thread_blocked, id=17788, stack(0x0000000023180000,0x0000000023280000)]
  0x000000001edcc800 JavaThread "Build operations Thread 8" [_thread_blocked, id=11924, stack(0x0000000023080000,0x0000000023180000)]
  0x000000001edcf000 JavaThread "Build operations Thread 7" [_thread_blocked, id=428, stack(0x0000000022f80000,0x0000000023080000)]
  0x000000001edcc000 JavaThread "Build operations Thread 6" [_thread_blocked, id=10428, stack(0x0000000022e80000,0x0000000022f80000)]
  0x000000001edcb000 JavaThread "Build operations Thread 5" [_thread_blocked, id=9988, stack(0x0000000022d80000,0x0000000022e80000)]
  0x000000001edc9000 JavaThread "Build operations Thread 4" [_thread_blocked, id=19632, stack(0x0000000022c80000,0x0000000022d80000)]
  0x000000001edc9800 JavaThread "Build operations Thread 3" [_thread_blocked, id=15248, stack(0x0000000022b80000,0x0000000022c80000)]
  0x000000001edc1800 JavaThread "Build operations Thread 2" [_thread_blocked, id=16904, stack(0x0000000022a80000,0x0000000022b80000)]
  0x000000001edc8000 JavaThread "Build operations" [_thread_blocked, id=9372, stack(0x00000000222d0000,0x00000000223d0000)]
  0x000000001edc0800 JavaThread "Cache worker for cache directory md-rule (C:\Users\FAHRI PASYA\.gradle\caches\5.4.1\md-rule)" [_thread_blocked, id=16504, stack(0x00000000220c0000,0x00000000221c0000)]
  0x000000001edc7800 JavaThread "Cache worker for cache directory md-supplier (C:\Users\FAHRI PASYA\.gradle\caches\5.4.1\md-supplier)" [_thread_blocked, id=21460, stack(0x0000000021fc0000,0x00000000220c0000)]
  0x000000001edc0000 JavaThread "Cache worker for file hash cache (D:\KULIAH\KULIAH TINGKAT 2\MOBILE PROGRAMMING\MyBackgroundThread\.gradle\5.4.1\fileHashes)" [_thread_blocked, id=13608, stack(0x0000000021c60000,0x0000000021d60000)]
  0x000000001edc6800 JavaThread "Thread-116" [_thread_blocked, id=2236, stack(0x0000000020530000,0x0000000020630000)]
  0x000000001edc4800 JavaThread "Stdin handler" [_thread_blocked, id=20152, stack(0x000000001dd90000,0x000000001de90000)]
  0x000000001edc5000 JavaThread "Asynchronous log dispatcher for DefaultDaemonConnection: socket connection from /127.0.0.1:14622 to /127.0.0.1:15070" [_thread_blocked, id=21540, stack(0x000000001da90000,0x000000001db90000)]
  0x000000001edc3800 JavaThread "Daemon worker Thread 3" [_thread_blocked, id=12100, stack(0x000000001d890000,0x000000001d990000)]
  0x000000001edc6000 JavaThread "Cancel handler" [_thread_blocked, id=1412, stack(0x000000001d590000,0x000000001d690000)]
  0x000000001edc3000 JavaThread "Handler for socket connection from /127.0.0.1:14622 to /127.0.0.1:15070" [_thread_in_native, id=14120, stack(0x000000001d490000,0x000000001d590000)]
  0x000000001edc2000 JavaThread "Daemon Thread 3" [_thread_blocked, id=9348, stack(0x0000000001160000,0x0000000001260000)]
  0x000000001c82a000 JavaThread "Memory manager" [_thread_blocked, id=19016, stack(0x0000000024d50000,0x0000000024e50000)]
  0x000000001c825000 JavaThread "Cache worker for execution history cache (C:\Users\FAHRI PASYA\.gradle\caches\5.4.1\executionHistory)" [_thread_blocked, id=16584, stack(0x00000000221d0000,0x00000000222d0000)]
  0x000000001ba2b800 JavaThread "Cache worker for journal cache (C:\Users\FAHRI PASYA\.gradle\caches\journal-1)" [_thread_blocked, id=8904, stack(0x000000001e090000,0x000000001e190000)]
  0x000000001ba25000 JavaThread "File lock request listener" [_thread_in_native, id=8324, stack(0x000000001df90000,0x000000001e090000)]
  0x000000001bef1800 JavaThread "Cache worker for file hash cache (C:\Users\FAHRI PASYA\.gradle\caches\5.4.1\fileHashes)" [_thread_blocked, id=15236, stack(0x000000001de90000,0x000000001df90000)]
  0x000000001b232000 JavaThread "Daemon periodic checks" [_thread_blocked, id=16532, stack(0x000000001d390000,0x000000001d490000)]
  0x000000001b8ce000 JavaThread "Incoming local TCP Connector on port 14622" [_thread_in_native, id=7980, stack(0x000000001cae0000,0x000000001cbe0000)]
  0x000000001b8c4800 JavaThread "Daemon health stats" [_thread_blocked, id=21788, stack(0x000000001cc10000,0x000000001cd10000)]
  0x0000000018789000 JavaThread "Service Thread" daemon [_thread_blocked, id=20912, stack(0x000000001a140000,0x000000001a240000)]
  0x000000001870e000 JavaThread "C1 CompilerThread3" daemon [_thread_in_vm, id=3344, stack(0x000000001a040000,0x000000001a140000)]
  0x000000001870d000 JavaThread "C2 CompilerThread2" daemon [_thread_in_native, id=9404, stack(0x0000000019f40000,0x000000001a040000)]
  0x00000000186ff000 JavaThread "C2 CompilerThread1" daemon [_thread_in_native, id=22340, stack(0x0000000019e40000,0x0000000019f40000)]
=>0x00000000186f4000 JavaThread "C2 CompilerThread0" daemon [_thread_in_native, id=11524, stack(0x0000000019d40000,0x0000000019e40000)]
  0x00000000186f1000 JavaThread "Attach Listener" daemon [_thread_blocked, id=18228, stack(0x0000000019c40000,0x0000000019d40000)]
  0x000000001700e800 JavaThread "Signal Dispatcher" daemon [_thread_blocked, id=19560, stack(0x0000000019b40000,0x0000000019c40000)]
  0x000000000303a000 JavaThread "Finalizer" daemon [_thread_blocked, id=12848, stack(0x0000000019940000,0x0000000019a40000)]
  0x0000000016ffc800 JavaThread "Reference Handler" daemon [_thread_blocked, id=6516, stack(0x0000000019840000,0x0000000019940000)]
  0x0000000002f42800 JavaThread "main" [_thread_blocked, id=14796, stack(0x0000000002e40000,0x0000000002f40000)]

Other Threads:
  0x00000000186c2800 VMThread [stack: 0x0000000019740000,0x0000000019840000] [id=11504]
  0x0000000018789800 WatcherThread [stack: 0x000000001a240000,0x000000001a340000] [id=20660]

VM state:not at safepoint (normal execution)

VM Mutex/Monitor currently owned by a thread: None

heap address: 0x00000000a0000000, size: 1536 MB, Compressed Oops mode: 32-bit
Narrow klass base: 0x0000000000000000, Narrow klass shift: 3
Compressed class space size: 1073741824 Address: 0x0000000100000000

Heap:
 PSYoungGen      total 238592K, used 139533K [0x00000000e0000000, 0x00000000f3400000, 0x0000000100000000)
  eden space 199680K, 60% used [0x00000000e0000000,0x00000000e76020f0,0x00000000ec300000)
  from space 38912K, 48% used [0x00000000ec300000,0x00000000ed541618,0x00000000ee900000)
  to   space 37376K, 0% used [0x00000000f0f80000,0x00000000f0f80000,0x00000000f3400000)
 ParOldGen       total 412160K, used 50396K [0x00000000a0000000, 0x00000000b9280000, 0x00000000e0000000)
  object space 412160K, 12% used [0x00000000a0000000,0x00000000a31373c8,0x00000000b9280000)
 Metaspace       used 103594K, capacity 107722K, committed 108364K, reserved 1142784K
  class space    used 13246K, capacity 14013K, committed 14208K, reserved 1048576K

Card table byte_map: [0x0000000012400000,0x0000000012710000] byte_map_base: 0x0000000011f00000

Marking Bits: (ParMarkBitMap*) 0x0000000068de9f30
 Begin Bits: [0x0000000013310000, 0x0000000014b10000)
 End Bits:   [0x0000000014b10000, 0x0000000016310000)

Polling page: 0x0000000000fd0000

CodeCache: size=245760Kb used=47872Kb max_used=47872Kb free=197887Kb
 bounds [0x0000000003040000, 0x0000000005f40000, 0x0000000012040000]
 total_blobs=15161 nmethods=14196 adapters=877
 compilation: enabled

Compilation events (10 events):
Event: 3324.991 Thread 0x000000001870e000 17101       2       com.android.tools.r8.ir.code.H::a (103 bytes)
Event: 3324.992 Thread 0x000000001870e000 nmethod 17101 0x0000000005f37950 code [0x0000000005f37b00, 0x0000000005f37f48]
Event: 3324.997 Thread 0x000000001870e000 17103       2       com.android.tools.r8.n.a.a.a.h.L0::c (194 bytes)
Event: 3324.998 Thread 0x000000001870e000 nmethod 17103 0x0000000005f381d0 code [0x0000000005f383c0, 0x0000000005f38ad8]
Event: 3325.000 Thread 0x000000001870e000 17105       2       com.android.tools.r8.ir.regalloc.c$$Lambda$1060/2049412889::apply (8 bytes)
Event: 3325.000 Thread 0x000000001870e000 nmethod 17105 0x0000000005f39110 code [0x0000000005f392a0, 0x0000000005f39548]
Event: 3325.000 Thread 0x000000001870e000 17106       2       com.android.tools.r8.ir.regalloc.c::f (8 bytes)
Event: 3325.001 Thread 0x000000001870e000 nmethod 17106 0x0000000005f396d0 code [0x0000000005f39860, 0x0000000005f39aa8]
Event: 3325.001 Thread 0x000000001870e000 17107       2       com.android.tools.r8.ir.regalloc.RegisterMoveScheduler::addMove (68 bytes)
Event: 3325.001 Thread 0x000000001870e000 nmethod 17107 0x0000000005f39bd0 code [0x0000000005f39d80, 0x0000000005f3a228]

GC Heap History (10 events):
Event: 3322.303 GC heap before
{Heap before GC invocations=21 (full 4):
 PSYoungGen      total 192000K, used 153354K [0x00000000e0000000, 0x00000000f0580000, 0x0000000100000000)
  eden space 153600K, 99% used [0x00000000e0000000,0x00000000e95c2bc0,0x00000000e9600000)
  from space 38400K, 0% used [0x00000000ec000000,0x00000000ec000000,0x00000000ee580000)
  to   space 43008K, 0% used [0x00000000e9600000,0x00000000e9600000,0x00000000ec000000)
 ParOldGen       total 412160K, used 50356K [0x00000000a0000000, 0x00000000b9280000, 0x00000000e0000000)
  object space 412160K, 12% used [0x00000000a0000000,0x00000000a312d3c8,0x00000000b9280000)
 Metaspace       used 101695K, capacity 105578K, committed 106444K, reserved 1142784K
  class space    used 13139K, capacity 13873K, committed 14080K, reserved 1048576K
Event: 3322.319 GC heap after
Heap after GC invocations=21 (full 4):
 PSYoungGen      total 196608K, used 16349K [0x00000000e0000000, 0x00000000ef600000, 0x0000000100000000)
  eden space 153600K, 0% used [0x00000000e0000000,0x00000000e0000000,0x00000000e9600000)
  from space 43008K, 38% used [0x00000000e9600000,0x00000000ea5f74c0,0x00000000ec000000)
  to   space 40960K, 0% used [0x00000000ece00000,0x00000000ece00000,0x00000000ef600000)
 ParOldGen       total 412160K, used 50364K [0x00000000a0000000, 0x00000000b9280000, 0x00000000e0000000)
  object space 412160K, 12% used [0x00000000a0000000,0x00000000a312f3c8,0x00000000b9280000)
 Metaspace       used 101695K, capacity 105578K, committed 106444K, reserved 1142784K
  class space    used 13139K, capacity 13873K, committed 14080K, reserved 1048576K
}
Event: 3323.170 GC heap before
{Heap before GC invocations=22 (full 4):
 PSYoungGen      total 196608K, used 169949K [0x00000000e0000000, 0x00000000ef600000, 0x0000000100000000)
  eden space 153600K, 100% used [0x00000000e0000000,0x00000000e9600000,0x00000000e9600000)
  from space 43008K, 38% used [0x00000000e9600000,0x00000000ea5f74c0,0x00000000ec000000)
  to   space 40960K, 0% used [0x00000000ece00000,0x00000000ece00000,0x00000000ef600000)
 ParOldGen       total 412160K, used 50364K [0x00000000a0000000, 0x00000000b9280000, 0x00000000e0000000)
  object space 412160K, 12% used [0x00000000a0000000,0x00000000a312f3c8,0x00000000b9280000)
 Metaspace       used 102593K, capacity 106548K, committed 107468K, reserved 1142784K
  class space    used 13186K, capacity 13948K, committed 14080K, reserved 1048576K
Event: 3323.184 GC heap after
Heap after GC invocations=22 (full 4):
 PSYoungGen      total 210944K, used 13305K [0x00000000e0000000, 0x00000000ef500000, 0x0000000100000000)
  eden space 171008K, 0% used [0x00000000e0000000,0x00000000e0000000,0x00000000ea700000)
  from space 39936K, 33% used [0x00000000ece00000,0x00000000edafe4b0,0x00000000ef500000)
  to   space 39936K, 0% used [0x00000000ea700000,0x00000000ea700000,0x00000000ece00000)
 ParOldGen       total 412160K, used 50372K [0x00000000a0000000, 0x00000000b9280000, 0x00000000e0000000)
  object space 412160K, 12% used [0x00000000a0000000,0x00000000a31313c8,0x00000000b9280000)
 Metaspace       used 102593K, capacity 106548K, committed 107468K, reserved 1142784K
  class space    used 13186K, capacity 13948K, committed 14080K, reserved 1048576K
}
Event: 3323.524 GC heap before
{Heap before GC invocations=23 (full 4):
 PSYoungGen      total 210944K, used 184313K [0x00000000e0000000, 0x00000000ef500000, 0x0000000100000000)
  eden space 171008K, 100% used [0x00000000e0000000,0x00000000ea700000,0x00000000ea700000)
  from space 39936K, 33% used [0x00000000ece00000,0x00000000edafe4b0,0x00000000ef500000)
  to   space 39936K, 0% used [0x00000000ea700000,0x00000000ea700000,0x00000000ece00000)
 ParOldGen       total 412160K, used 50372K [0x00000000a0000000, 0x00000000b9280000, 0x00000000e0000000)
  object space 412160K, 12% used [0x00000000a0000000,0x00000000a31313c8,0x00000000b9280000)
 Metaspace       used 102647K, capacity 106632K, committed 107468K, reserved 1142784K
  class space    used 13201K, capacity 13954K, committed 14080K, reserved 1048576K
Event: 3323.542 GC heap after
Heap after GC invocations=23 (full 4):
 PSYoungGen      total 210944K, used 23039K [0x00000000e0000000, 0x00000000f0f80000, 0x0000000100000000)
  eden space 171008K, 0% used [0x00000000e0000000,0x00000000e0000000,0x00000000ea700000)
  from space 39936K, 57% used [0x00000000ea700000,0x00000000ebd7ff38,0x00000000ece00000)
  to   space 39424K, 0% used [0x00000000ee900000,0x00000000ee900000,0x00000000f0f80000)
 ParOldGen       total 412160K, used 50380K [0x00000000a0000000, 0x00000000b9280000, 0x00000000e0000000)
  object space 412160K, 12% used [0x00000000a0000000,0x00000000a31333c8,0x00000000b9280000)
 Metaspace       used 102647K, capacity 106632K, committed 107468K, reserved 1142784K
  class space    used 13201K, capacity 13954K, committed 14080K, reserved 1048576K
}
Event: 3323.864 GC heap before
{Heap before GC invocations=24 (full 4):
 PSYoungGen      total 210944K, used 194047K [0x00000000e0000000, 0x00000000f0f80000, 0x0000000100000000)
  eden space 171008K, 100% used [0x00000000e0000000,0x00000000ea700000,0x00000000ea700000)
  from space 39936K, 57% used [0x00000000ea700000,0x00000000ebd7ff38,0x00000000ece00000)
  to   space 39424K, 0% used [0x00000000ee900000,0x00000000ee900000,0x00000000f0f80000)
 ParOldGen       total 412160K, used 50380K [0x00000000a0000000, 0x00000000b9280000, 0x00000000e0000000)
  object space 412160K, 12% used [0x00000000a0000000,0x00000000a31333c8,0x00000000b9280000)
 Metaspace       used 102731K, capacity 106704K, committed 107468K, reserved 1142784K
  class space    used 13209K, capacity 13956K, committed 14080K, reserved 1048576K
Event: 3323.891 GC heap after
Heap after GC invocations=24 (full 4):
 PSYoungGen      total 239104K, used 23544K [0x00000000e0000000, 0x00000000f1700000, 0x0000000100000000)
  eden space 199680K, 0% used [0x00000000e0000000,0x00000000e0000000,0x00000000ec300000)
  from space 39424K, 59% used [0x00000000ee900000,0x00000000efffe238,0x00000000f0f80000)
  to   space 38912K, 0% used [0x00000000ec300000,0x00000000ec300000,0x00000000ee900000)
 ParOldGen       total 412160K, used 50388K [0x00000000a0000000, 0x00000000b9280000, 0x00000000e0000000)
  object space 412160K, 12% used [0x00000000a0000000,0x00000000a31353c8,0x00000000b9280000)
 Metaspace       used 102731K, capacity 106704K, committed 107468K, reserved 1142784K
  class space    used 13209K, capacity 13956K, committed 14080K, reserved 1048576K
}
Event: 3324.528 GC heap before
{Heap before GC invocations=25 (full 4):
 PSYoungGen      total 239104K, used 223224K [0x00000000e0000000, 0x00000000f1700000, 0x0000000100000000)
  eden space 199680K, 100% used [0x00000000e0000000,0x00000000ec300000,0x00000000ec300000)
  from space 39424K, 59% used [0x00000000ee900000,0x00000000efffe238,0x00000000f0f80000)
  to   space 38912K, 0% used [0x00000000ec300000,0x00000000ec300000,0x00000000ee900000)
 ParOldGen       total 412160K, used 50388K [0x00000000a0000000, 0x00000000b9280000, 0x00000000e0000000)
  object space 412160K, 12% used [0x00000000a0000000,0x00000000a31353c8,0x00000000b9280000)
 Metaspace       used 103219K, capacity 107288K, committed 108108K, reserved 1142784K
  class space    used 13236K, capacity 14008K, committed 14208K, reserved 1048576K
Event: 3324.545 GC heap after
Heap after GC invocations=25 (full 4):
 PSYoungGen      total 238592K, used 18693K [0x00000000e0000000, 0x00000000f3400000, 0x0000000100000000)
  eden space 199680K, 0% used [0x00000000e0000000,0x00000000e0000000,0x00000000ec300000)
  from space 38912K, 48% used [0x00000000ec300000,0x00000000ed541618,0x00000000ee900000)
  to   space 37376K, 0% used [0x00000000f0f80000,0x00000000f0f80000,0x00000000f3400000)
 ParOldGen       total 412160K, used 50396K [0x00000000a0000000, 0x00000000b9280000, 0x00000000e0000000)
  object space 412160K, 12% used [0x00000000a0000000,0x00000000a31373c8,0x00000000b9280000)
 Metaspace       used 103219K, capacity 107288K, committed 108108K, reserved 1142784K
  class space    used 13236K, capacity 14008K, committed 14208K, reserved 1048576K
}

Deoptimization events (10 events):
Event: 3324.474 Thread 0x000000001edc3800 Uncommon trap: reason=unstable_if action=reinterpret pc=0x00000000037cb8c8 method=java.io.ObjectOutputStream$BlockDataOutputStream.writeBytes(Ljava/lang/String;)V @ 62
Event: 3324.586 Thread 0x000000001c82b800 Uncommon trap: reason=class_check action=maybe_recompile pc=0x0000000003e18a04 method=java.io.BufferedOutputStream.write([BII)V @ 20
Event: 3324.587 Thread 0x000000001c82b800 Uncommon trap: reason=class_check action=maybe_recompile pc=0x0000000003e18a04 method=java.io.BufferedOutputStream.write([BII)V @ 20
Event: 3324.587 Thread 0x000000001c82b800 Uncommon trap: reason=class_check action=maybe_recompile pc=0x0000000003e18a04 method=java.io.BufferedOutputStream.write([BII)V @ 20
Event: 3324.588 Thread 0x000000001c82b800 Uncommon trap: reason=class_check action=maybe_recompile pc=0x0000000003e18a04 method=java.io.BufferedOutputStream.write([BII)V @ 20
Event: 3324.746 Thread 0x00000000215dc800 Uncommon trap: reason=unstable_if action=reinterpret pc=0x0000000005dcf100 method=com.android.tools.r8.ir.conversion.N.traceInstruction(ILcom/android/tools/r8/ir/conversion/IRBuilder;)I @ 193
Event: 3324.747 Thread 0x00000000215dc800 Uncommon trap: reason=unstable_if action=reinterpret pc=0x0000000003c7dcb0 method=java.util.Collections$SetFromMap.add(Ljava/lang/Object;)Z @ 13
Event: 3324.747 Thread 0x00000000215dc800 Uncommon trap: reason=class_check action=maybe_recompile pc=0x0000000005a7c8b4 method=com.android.tools.r8.ir.conversion.U.a(Lcom/android/tools/r8/ir/conversion/T;)Z @ 4
Event: 3324.747 Thread 0x00000000215dc800 Uncommon trap: reason=class_check action=maybe_recompile pc=0x0000000005a7c8b4 method=com.android.tools.r8.ir.conversion.U.a(Lcom/android/tools/r8/ir/conversion/T;)Z @ 4
Event: 3324.747 Thread 0x00000000215dc800 Uncommon trap: reason=class_check action=maybe_recompile pc=0x0000000005a7c8b4 method=com.android.tools.r8.ir.conversion.U.a(Lcom/android/tools/r8/ir/conversion/T;)Z @ 4

Classes redefined (0 events):
No events

Internal exceptions (10 events):
Event: 3324.128 Thread 0x00000000215e1000 Exception <a 'sun/nio/fs/WindowsException'> (0x00000000e4dc6750) thrown at [D:\src\AOSP-openjdk-cygwin\jdk8u\hotspot\src\share\vm\prims\jni.cpp, line 710]
Event: 3324.406 Thread 0x00000000215dd800 Exception <a 'sun/nio/fs/WindowsException'> (0x00000000e9c30208) thrown at [D:\src\AOSP-openjdk-cygwin\jdk8u\hotspot\src\share\vm\prims\jni.cpp, line 710]
Event: 3324.474 Thread 0x000000001edc3800 Exception <a 'java/lang/NoSuchMethodError': <clinit>> (0x00000000eb1fdae0) thrown at [D:\src\AOSP-openjdk-cygwin\jdk8u\hotspot\src\share\vm\prims\jni.cpp, line 1614]
Event: 3324.477 Thread 0x000000001edc3800 Exception <a 'java/lang/NoSuchMethodError': <clinit>> (0x00000000eb21a810) thrown at [D:\src\AOSP-openjdk-cygwin\jdk8u\hotspot\src\share\vm\prims\jni.cpp, line 1614]
Event: 3324.479 Thread 0x000000001edc3800 Exception <a 'java/lang/NoSuchMethodError': <clinit>> (0x00000000eb3f44d0) thrown at [D:\src\AOSP-openjdk-cygwin\jdk8u\hotspot\src\share\vm\prims\jni.cpp, line 1614]
Event: 3324.491 Thread 0x00000000215d5000 Exception <a 'sun/nio/fs/WindowsException'> (0x00000000eace9b30) thrown at [D:\src\AOSP-openjdk-cygwin\jdk8u\hotspot\src\share\vm\prims\jni.cpp, line 710]
Event: 3324.518 Thread 0x000000001edc3800 Exception <a 'java/lang/NoSuchMethodError': <clinit>> (0x00000000eb8fdd30) thrown at [D:\src\AOSP-openjdk-cygwin\jdk8u\hotspot\src\share\vm\prims\jni.cpp, line 1614]
Event: 3324.525 Thread 0x000000001edc3800 Exception <a 'java/lang/NoSuchMethodError': <clinit>> (0x00000000ebf5f930) thrown at [D:\src\AOSP-openjdk-cygwin\jdk8u\hotspot\src\share\vm\prims\jni.cpp, line 1614]
Event: 3324.567 Thread 0x00000000215d7800 Exception <a 'sun/nio/fs/WindowsException'> (0x00000000e028d6e0) thrown at [D:\src\AOSP-openjdk-cygwin\jdk8u\hotspot\src\share\vm\prims\jni.cpp, line 710]
Event: 3324.635 Thread 0x00000000215d6000 Exception <a 'sun/nio/fs/WindowsException'> (0x00000000e1566e60) thrown at [D:\src\AOSP-openjdk-cygwin\jdk8u\hotspot\src\share\vm\prims\jni.cpp, line 710]

Events (10 events):
Event: 3324.747 Thread 0x00000000215dc800 DEOPT UNPACKING pc=0x000000000308557b sp=0x0000000028e9a598 mode 2
Event: 3324.747 Thread 0x00000000215dc800 Uncommon trap: trap_request=0xffffffde fr.pc=0x0000000005a7c8b4
Event: 3324.747 Thread 0x00000000215dc800 DEOPT PACKING pc=0x0000000005a7c8b4 sp=0x0000000028e9afe0
Event: 3324.747 Thread 0x00000000215dc800 DEOPT UNPACKING pc=0x000000000308557b sp=0x0000000028e9afc8 mode 2
Event: 3324.747 Thread 0x00000000215dc800 Uncommon trap: trap_request=0xffffffde fr.pc=0x0000000005a7c8b4
Event: 3324.747 Thread 0x00000000215dc800 DEOPT PACKING pc=0x0000000005a7c8b4 sp=0x0000000028e9afe0
Event: 3324.747 Thread 0x00000000215dc800 DEOPT UNPACKING pc=0x000000000308557b sp=0x0000000028e9afc8 mode 2
Event: 3324.747 Thread 0x00000000215dc800 Uncommon trap: trap_request=0xffffffde fr.pc=0x0000000005a7c8b4
Event: 3324.747 Thread 0x00000000215dc800 DEOPT PACKING pc=0x0000000005a7c8b4 sp=0x0000000028e9afe0
Event: 3324.747 Thread 0x00000000215dc800 DEOPT UNPACKING pc=0x000000000308557b sp=0x0000000028e9afc8 mode 2


Dynamic libraries:
0x00007ff7b6710000 - 0x00007ff7b6741000 	D:\KULIAH\KULIAH TINGKAT 2\MOBILE PROGRAMMING\Android Studio\jre\bin\java.exe
0x00007ffe01300000 - 0x00007ffe014f0000 	C:\WINDOWS\SYSTEM32\ntdll.dll
0x00007ffe01050000 - 0x00007ffe01102000 	C:\WINDOWS\System32\KERNEL32.DLL
0x00007ffdfef00000 - 0x00007ffdff1a3000 	C:\WINDOWS\System32\KERNELBASE.dll
0x00007ffdff780000 - 0x00007ffdff823000 	C:\WINDOWS\System32\ADVAPI32.dll
0x00007ffdff670000 - 0x00007ffdff70e000 	C:\WINDOWS\System32\msvcrt.dll
0x00007ffdff8e0000 - 0x00007ffdff977000 	C:\WINDOWS\System32\sechost.dll
0x00007ffdff3b0000 - 0x00007ffdff4d0000 	C:\WINDOWS\System32\RPCRT4.dll
0x00007ffdff4d0000 - 0x00007ffdff664000 	C:\WINDOWS\System32\USER32.dll
0x00007ffdff1b0000 - 0x00007ffdff1d1000 	C:\WINDOWS\System32\win32u.dll
0x00007ffe007e0000 - 0x00007ffe00806000 	C:\WINDOWS\System32\GDI32.dll
0x00007ffdfe2c0000 - 0x00007ffdfe454000 	C:\WINDOWS\System32\gdi32full.dll
0x00007ffdfe690000 - 0x00007ffdfe72e000 	C:\WINDOWS\System32\msvcp_win.dll
0x00007ffdfe590000 - 0x00007ffdfe68a000 	C:\WINDOWS\System32\ucrtbase.dll
0x00007ffdea4b0000 - 0x00007ffdea735000 	C:\WINDOWS\WinSxS\amd64_microsoft.windows.common-controls_6595b64144ccf1df_6.0.18362.592_none_e6c0b1911312be02\COMCTL32.dll
0x00007ffe00810000 - 0x00007ffe00b46000 	C:\WINDOWS\System32\combase.dll
0x00007ffdfe460000 - 0x00007ffdfe4e0000 	C:\WINDOWS\System32\bcryptPrimitives.dll
0x00007ffe00fc0000 - 0x00007ffe00fee000 	C:\WINDOWS\System32\IMM32.DLL
0x00000000694e0000 - 0x00000000695b2000 	D:\KULIAH\KULIAH TINGKAT 2\MOBILE PROGRAMMING\Android Studio\jre\jre\bin\msvcr100.dll
0x0000000068620000 - 0x0000000068e66000 	D:\KULIAH\KULIAH TINGKAT 2\MOBILE PROGRAMMING\Android Studio\jre\jre\bin\server\jvm.dll
0x00007ffdfff00000 - 0x00007ffdfff08000 	C:\WINDOWS\System32\PSAPI.DLL
0x00007ffdfa750000 - 0x00007ffdfa759000 	C:\WINDOWS\SYSTEM32\WSOCK32.dll
0x00007ffdf90c0000 - 0x00007ffdf90ca000 	C:\WINDOWS\SYSTEM32\VERSION.dll
0x00007ffdf47a0000 - 0x00007ffdf47c4000 	C:\WINDOWS\SYSTEM32\WINMM.dll
0x00007ffdffd40000 - 0x00007ffdffdaf000 	C:\WINDOWS\System32\WS2_32.dll
0x00007ffdf4560000 - 0x00007ffdf458d000 	C:\WINDOWS\SYSTEM32\winmmbase.dll
0x00007ffdfe730000 - 0x00007ffdfe77a000 	C:\WINDOWS\System32\cfgmgr32.dll
0x00007ffdf8590000 - 0x00007ffdf859f000 	D:\KULIAH\KULIAH TINGKAT 2\MOBILE PROGRAMMING\Android Studio\jre\jre\bin\verify.dll
0x00007ffdf5bf0000 - 0x00007ffdf5c19000 	D:\KULIAH\KULIAH TINGKAT 2\MOBILE PROGRAMMING\Android Studio\jre\jre\bin\java.dll
0x00007ffdf8320000 - 0x00007ffdf8336000 	D:\KULIAH\KULIAH TINGKAT 2\MOBILE PROGRAMMING\Android Studio\jre\jre\bin\zip.dll
0x00007ffe00020000 - 0x00007ffe00705000 	C:\WINDOWS\System32\SHELL32.dll
0x00007ffdfff70000 - 0x00007ffe00019000 	C:\WINDOWS\System32\shcore.dll
0x00007ffdfe780000 - 0x00007ffdfeeff000 	C:\WINDOWS\System32\windows.storage.dll
0x00007ffdfe1e0000 - 0x00007ffdfe1ff000 	C:\WINDOWS\System32\profapi.dll
0x00007ffdfe240000 - 0x00007ffdfe28a000 	C:\WINDOWS\System32\powrprof.dll
0x00007ffdfe1d0000 - 0x00007ffdfe1e0000 	C:\WINDOWS\System32\UMPDC.dll
0x00007ffdfff10000 - 0x00007ffdfff62000 	C:\WINDOWS\System32\shlwapi.dll
0x00007ffdfe220000 - 0x00007ffdfe231000 	C:\WINDOWS\System32\kernel.appcore.dll
0x00007ffdff390000 - 0x00007ffdff3a7000 	C:\WINDOWS\System32\cryptsp.dll
0x00007ffdf53d0000 - 0x00007ffdf53ea000 	D:\KULIAH\KULIAH TINGKAT 2\MOBILE PROGRAMMING\Android Studio\jre\jre\bin\net.dll
0x00007ffdfda40000 - 0x00007ffdfdaa7000 	C:\WINDOWS\system32\mswsock.dll
0x00007ffdf4200000 - 0x00007ffdf4211000 	D:\KULIAH\KULIAH TINGKAT 2\MOBILE PROGRAMMING\Android Studio\jre\jre\bin\nio.dll
0x00007ffde43c0000 - 0x00007ffde43e6000 	C:\Users\FAHRI PASYA\.gradle\native\29\windows-amd64\native-platform.dll
0x00007ffdf8580000 - 0x00007ffdf858d000 	D:\KULIAH\KULIAH TINGKAT 2\MOBILE PROGRAMMING\Android Studio\jre\jre\bin\management.dll
0x00007ffdfd5b0000 - 0x00007ffdfd5e3000 	C:\WINDOWS\system32\rsaenh.dll
0x00007ffdfe290000 - 0x00007ffdfe2b6000 	C:\WINDOWS\System32\bcrypt.dll
0x00007ffdfe0c0000 - 0x00007ffdfe0e5000 	C:\WINDOWS\SYSTEM32\USERENV.dll
0x00007ffdfdc10000 - 0x00007ffdfdc1c000 	C:\WINDOWS\SYSTEM32\CRYPTBASE.dll
0x00007ffdfd750000 - 0x00007ffdfd78a000 	C:\WINDOWS\SYSTEM32\IPHLPAPI.DLL
0x00007ffdff770000 - 0x00007ffdff778000 	C:\WINDOWS\System32\NSI.dll
0x00007ffdf7eb0000 - 0x00007ffdf7ec6000 	C:\WINDOWS\SYSTEM32\dhcpcsvc6.DLL
0x00007ffdf7e90000 - 0x00007ffdf7eac000 	C:\WINDOWS\SYSTEM32\dhcpcsvc.DLL
0x00007ffdfd790000 - 0x00007ffdfd85a000 	C:\WINDOWS\SYSTEM32\DNSAPI.dll
0x00007ffdcad00000 - 0x00007ffdcae9c000 	D:\KULIAH\KULIAH TINGKAT 2\MOBILE PROGRAMMING\Android Studio\jre\jre\bin\awt.dll
0x00007ffe00710000 - 0x00007ffe007d4000 	C:\WINDOWS\System32\OLEAUT32.dll
0x00007ffdfc6d0000 - 0x00007ffdfc6fd000 	C:\WINDOWS\SYSTEM32\dwmapi.dll
0x00007ffdfa9a0000 - 0x00007ffdfaf60000 	C:\WINDOWS\SYSTEM32\d2d1.dll
0x00007ffdfbe40000 - 0x00007ffdfbecf000 	C:\WINDOWS\SYSTEM32\apphelp.dll
0x00007ffdfc020000 - 0x00007ffdfc0b9000 	C:\WINDOWS\system32\uxtheme.dll

VM Arguments:
jvm_args: -Xmx1536m -Dfile.encoding=windows-1252 -Duser.country=US -Duser.language=en -Duser.variant 
java_command: org.gradle.launcher.daemon.bootstrap.GradleDaemon 5.4.1
java_class_path (initial): C:\Users\FAHRI PASYA\.gradle\wrapper\dists\gradle-5.4.1-all\3221gyojl5jsh0helicew7rwx\gradle-5.4.1\lib\gradle-launcher-5.4.1.jar
Launcher Type: SUN_STANDARD

Environment Variables:
PATH=C:\Program Files (x86)\Common Files\Intel\Shared Files\cpp\bin\Intel64;C:\ProgramData\Oracle\Java\javapath;C:\Program Files (x86)\Common Files\Intel\Shared Files\cpp\bin\Intel64;C:\Program Files (x86)\Intel\Intel(R) Management Engine Components\iCLS\;C:\Program Files\Intel\Intel(R) Management Engine Components\iCLS\;C:\Windows\system32;C:\Windows;C:\Windows\System32\Wbem;C:\Windows\System32\WindowsPowerShell\v1.0\;C:\Program Files (x86)\Intel\Intel(R) Management Engine Components\DAL;C:\Program Files\Intel\Intel(R) Management Engine Components\DAL;C:\Program Files (x86)\Intel\Intel(R) Management Engine Components\IPT;C:\Program Files\Intel\Intel(R) Management Engine Components\IPT;C:\Program Files (x86)\NVIDIA Corporation\PhysX\Common;C:\WINDOWS\system32;C:\WINDOWS;C:\WINDOWS\System32\Wbem;C:\WINDOWS\System32\WindowsPowerShell\v1.0\;C:\WINDOWS\System32\OpenSSH\;D:\MASTER\Instagram Live PC;D:\MASTER\Instagram Live PC\ComposerSetup;D:\MASTER\PASCAL 3.0.4\bin\i386-Win32;C:\Program Files (x86)\GtkSharp\2.12\bin;C:\Program Files\NVIDIA Corporation\NVIDIA NvDLISR;C:\Program Files\Intel\WiFi\bin\;C:\Program Files\Common Files\Intel\WirelessCommon\;C:\WINDOWS\system32;C:\WINDOWS;C:\WINDOWS\System32\Wbem;C:\WINDOWS\System32\WindowsPowerShell\v1.0\;C:\WINDOWS\System32\OpenSSH\;C:\Program Files\Microsoft SQL Server\130\Tools\Binn\;D:\KULIAH\KULIAH TINGKAT 2\MOBILE PROGRAMMING\Git\cmd;D:\KULIAH\KULIAH TINGKAT 2\INFORMATION SYSTEM SECURITY\PuTTY\
USERNAME=FAHRI PASYA
OS=Windows_NT
PROCESSOR_IDENTIFIER=Intel64 Family 6 Model 158 Stepping 10, GenuineIntel



---------------  S Y S T E M  ---------------

OS: Windows 10.0 , 64 bit Build 18362 (10.0.18362.329)

CPU:total 12 (initial active 12) (6 cores per cpu, 2 threads per core) family 6 model 158 stepping 10, cmov, cx8, fxsr, mmx, sse, sse2, sse3, ssse3, sse4.1, sse4.2, popcnt, avx, avx2, aes, clmul, erms, 3dnowpref, lzcnt, ht, tsc, tscinvbit, bmi1, bmi2, adx

Memory: 4k page, physical 16627960k(3898584k free), swap 32119412k(5732k free)

vm_info: OpenJDK 64-Bit Server VM (25.202-b03) for windows-amd64 JRE (1.8.0_202-release-1483-b03), built by "builder" with MS VC++ 10.0 (VS2010)

time: Wed Jan 22 19:41:20 2020
timezone: SE Asia Standard Time
elapsed time: 3325 seconds (0d 0h 55m 25s)

